# JRE version: OpenJDK Runtime Environment (17.0.7) (build 17.0.7+0-b2043.56-10550314)
# Java VM: OpenJDK 64-Bit Server VM (17.0.7+0-b2043.56-10550314, mixed mode, tiered, compressed oops, compressed class ptrs, g1 gc, windows-amd64)
GC Precious Log:
 CPUs: 6 total, 6 available
 Memory: 16310M
 Large Page Support: Disabled
 NUMA Support: Disabled
 Compressed Oops: Enabled (Zero based)
 Heap Region Size: 2M
 Heap Min Capacity: 8M
 Heap Initial Capacity: 256M
 Heap Max Capacity: 4G
 Pre-touch: Disabled
 Parallel Workers: 6
 Concurrent Workers: 2
 Concurrent Refinement Workers: 6
 Periodic GC: Disabled
Heap:
 garbage-first heap   total 944128K, used 555509K [0x0000000700000000, 0x0000000800000000)
  region size 2048K, 151 young (309248K), 18 survivors (36864K)
 Metaspace       used 175692K, committed 176896K, reserved 1245184K
  class space    used 23568K, committed 24128K, reserved 1048576K
GC Heap History (20 events):
Event: 164.928 GC heap before
{Heap before GC invocations=100 (full 0):
 garbage-first heap   total 466944K, used 388646K [0x0000000700000000, 0x0000000800000000)
  region size 2048K, 80 young (163840K), 8 survivors (16384K)
 Metaspace       used 169283K, committed 170496K, reserved 1245184K
  class space    used 22817K, committed 23360K, reserved 1048576K
}
Event: 164.938 GC heap after
{Heap after GC invocations=101 (full 0):
 garbage-first heap   total 466944K, used 245500K [0x0000000700000000, 0x0000000800000000)
  region size 2048K, 5 young (10240K), 5 survivors (10240K)
 Metaspace       used 169283K, committed 170496K, reserved 1245184K
  class space    used 22817K, committed 23360K, reserved 1048576K
}
Event: 164.965 GC heap before
{Heap before GC invocations=101 (full 0):
 garbage-first heap   total 466944K, used 257788K [0x0000000700000000, 0x0000000800000000)
  region size 2048K, 11 young (22528K), 5 survivors (10240K)
 Metaspace       used 169337K, committed 170496K, reserved 1245184K
  class space    used 22822K, committed 23360K, reserved 1048576K
}
Event: 164.972 GC heap after
{Heap after GC invocations=102 (full 0):
 garbage-first heap   total 561152K, used 243184K [0x0000000700000000, 0x0000000800000000)
  region size 2048K, 1 young (2048K), 1 survivors (2048K)
 Metaspace       used 169337K, committed 170496K, reserved 1245184K
  class space    used 22822K, committed 23360K, reserved 1048576K
}
Event: 165.454 GC heap before
{Heap before GC invocations=102 (full 0):
 garbage-first heap   total 561152K, used 466416K [0x0000000700000000, 0x0000000800000000)
  region size 2048K, 110 young (225280K), 1 survivors (2048K)
 Metaspace       used 170550K, committed 171712K, reserved 1245184K
  class space    used 22970K, committed 23488K, reserved 1048576K
}
Event: 165.460 GC heap after
{Heap after GC invocations=103 (full 0):
 garbage-first heap   total 561152K, used 246829K [0x0000000700000000, 0x0000000800000000)
  region size 2048K, 3 young (6144K), 3 survivors (6144K)
 Metaspace       used 170550K, committed 171712K, reserved 1245184K
  class space    used 22970K, committed 23488K, reserved 1048576K
}
Event: 165.886 GC heap before
{Heap before GC invocations=103 (full 0):
 garbage-first heap   total 561152K, used 468013K [0x0000000700000000, 0x0000000800000000)
  region size 2048K, 112 young (229376K), 3 survivors (6144K)
 Metaspace       used 172458K, committed 173696K, reserved 1245184K
  class space    used 23253K, committed 23808K, reserved 1048576K
}
Event: 165.894 GC heap after
{Heap after GC invocations=104 (full 0):
 garbage-first heap   total 561152K, used 250615K [0x0000000700000000, 0x0000000800000000)
  region size 2048K, 5 young (10240K), 5 survivors (10240K)
 Metaspace       used 172458K, committed 173696K, reserved 1245184K
  class space    used 23253K, committed 23808K, reserved 1048576K
}
Event: 166.195 GC heap before
{Heap before GC invocations=104 (full 0):
 garbage-first heap   total 561152K, used 473847K [0x0000000700000000, 0x0000000800000000)
  region size 2048K, 114 young (233472K), 5 survivors (10240K)
 Metaspace       used 173827K, committed 174976K, reserved 1245184K
  class space    used 23475K, committed 24000K, reserved 1048576K
}
Event: 166.205 GC heap after
{Heap after GC invocations=105 (full 0):
 garbage-first heap   total 561152K, used 254789K [0x0000000700000000, 0x0000000800000000)
  region size 2048K, 7 young (14336K), 7 survivors (14336K)
 Metaspace       used 173827K, committed 174976K, reserved 1245184K
  class space    used 23475K, committed 24000K, reserved 1048576K
}
Event: 166.581 GC heap before
{Heap before GC invocations=105 (full 0):
 garbage-first heap   total 561152K, used 475973K [0x0000000700000000, 0x0000000800000000)
  region size 2048K, 115 young (235520K), 7 survivors (14336K)
 Metaspace       used 174302K, committed 175488K, reserved 1245184K
  class space    used 23515K, committed 24064K, reserved 1048576K
}
Event: 166.592 GC heap after
{Heap after GC invocations=106 (full 0):
 garbage-first heap   total 561152K, used 257732K [0x0000000700000000, 0x0000000800000000)
  region size 2048K, 8 young (16384K), 8 survivors (16384K)
 Metaspace       used 174302K, committed 175488K, reserved 1245184K
  class space    used 23515K, committed 24064K, reserved 1048576K
}
Event: 166.973 GC heap before
{Heap before GC invocations=106 (full 0):
 garbage-first heap   total 561152K, used 478916K [0x0000000700000000, 0x0000000800000000)
  region size 2048K, 116 young (237568K), 8 survivors (16384K)
 Metaspace       used 174829K, committed 176000K, reserved 1245184K
  class space    used 23528K, committed 24064K, reserved 1048576K
}
Event: 166.986 GC heap after
{Heap after GC invocations=107 (full 0):
 garbage-first heap   total 561152K, used 265678K [0x0000000700000000, 0x0000000800000000)
  region size 2048K, 12 young (24576K), 12 survivors (24576K)
 Metaspace       used 174829K, committed 176000K, reserved 1245184K
  class space    used 23528K, committed 24064K, reserved 1048576K
}
Event: 167.522 GC heap before
{Heap before GC invocations=107 (full 0):
 garbage-first heap   total 561152K, used 476622K [0x0000000700000000, 0x0000000800000000)
  region size 2048K, 115 young (235520K), 12 survivors (24576K)
 Metaspace       used 175120K, committed 176256K, reserved 1245184K
  class space    used 23539K, committed 24064K, reserved 1048576K
}
Event: 167.545 GC heap after
{Heap after GC invocations=108 (full 0):
 garbage-first heap   total 944128K, used 273338K [0x0000000700000000, 0x0000000800000000)
  region size 2048K, 12 young (24576K), 12 survivors (24576K)
 Metaspace       used 175120K, committed 176256K, reserved 1245184K
  class space    used 23539K, committed 24064K, reserved 1048576K
}
Event: 169.714 GC heap before
{Heap before GC invocations=108 (full 0):
 garbage-first heap   total 944128K, used 805818K [0x0000000700000000, 0x0000000800000000)
  region size 2048K, 273 young (559104K), 12 survivors (24576K)
 Metaspace       used 175503K, committed 176640K, reserved 1245184K
  class space    used 23556K, committed 24064K, reserved 1048576K
}
Event: 169.735 GC heap after
{Heap after GC invocations=109 (full 0):
 garbage-first heap   total 944128K, used 281574K [0x0000000700000000, 0x0000000800000000)
  region size 2048K, 16 young (32768K), 16 survivors (32768K)
 Metaspace       used 175503K, committed 176640K, reserved 1245184K
  class space    used 23556K, committed 24064K, reserved 1048576K
}
Event: 171.906 GC heap before
{Heap before GC invocations=109 (full 0):
 garbage-first heap   total 944128K, used 756710K [0x0000000700000000, 0x0000000800000000)
  region size 2048K, 248 young (507904K), 16 survivors (32768K)
 Metaspace       used 175617K, committed 176832K, reserved 1245184K
  class space    used 23563K, committed 24128K, reserved 1048576K
}
Event: 171.924 GC heap after
{Heap after GC invocations=110 (full 0):
 garbage-first heap   total 944128K, used 285173K [0x0000000700000000, 0x0000000800000000)
  region size 2048K, 18 young (36864K), 18 survivors (36864K)
 Metaspace       used 175617K, committed 176832K, reserved 1245184K
  class space    used 23563K, committed 24128K, reserved 1048576K
}

